#
# A fatal error has been detected by the Java Runtime Environment:
#
#  EXCEPTION_STACK_OVERFLOW (0xc00000fd) at pc=0x0000000055a04757, pid=38384, tid=0x0000000000004d60
#
# JRE version: Java(TM) SE Runtime Environment (8.0_181-b13) (build 1.8.0_181-b13)
# Java VM: Java HotSpot(TM) 64-Bit Server VM (25.181-b13 mixed mode windows-amd64 compressed oops)
# Problematic frame:
# V  [jvm.dll+0x214757]
#
# Failed to write core dump. Minidumps are not enabled by default on client versions of Windows
#
# If you would like to submit a bug report, please visit:
#   http://bugreport.java.com/bugreport/crash.jsp
#

---------------  T H R E A D  ---------------

Current thread (0x000000002dad9000):  JavaThread "JMX server connection timeout 53" daemon [_thread_in_vm, id=19808, stack(0x0000000031200000,0x0000000031300000)]

siginfo: ExceptionCode=0xc00000fd, ExceptionInformation=0x0000000000000001 0x00000000312fc5b0 

Registers:
RAX=0x00000000312fc5b0, RBX=0x0000000000000004, RCX=0x0000000000003000, RDX=0x0000000000000006
RSP=0x00000000312ff5b0, RBP=0x0000000000000000, RSI=0x00000000312ff5b0, RDI=0x0000000000000004
R8 =0x0000000000000006, R9 =0x000000002b04ac10, R10=0x0000000025bcecd8, R11=0x000000003120a148
R12=0x000000002b04ac10, R13=0x000000002dad9000, R14=0x00000000312ff678, R15=0x0000000025bcecd8
RIP=0x0000000055a04757, EFLAGS=0x0000000000010202

Top of Stack: (sp=0x00000000312ff5b0)
0x00000000312ff5b0:   0000000000000000 00000007c0006bd0
0x00000000312ff5c0:   000000002dad9000 000000002b04ac10
0x00000000312ff5d0:   00000000ffffffff 0000000055a05687
0x00000000312ff5e0:   00000000312ff6e0 0000000025bcecd8
0x00000000312ff5f0:   000000002dad9000 00000000558b1073
0x00000000312ff600:   00000000312ff640 000000002dad9000
0x00000000312ff610:   00000000312ff6d0 000000002dad9000
0x00000000312ff620:   0000000025bcecd8 000000002dad9000
0x00000000312ff630:   000000000358a460 000000002dad9000
0x00000000312ff640:   0000000025bcecd8 000000002dad9000
0x00000000312ff650:   0000000025bcecd8 000000002dad9000
0x00000000312ff660:   0000000000000001 0000000025bcecd8
0x00000000312ff670:   000000002dad9000 000000002d962dd0
0x00000000312ff680:   000000002dad9000 00000000558b27dd
0x00000000312ff690:   00000000312ff998 00000007c0006bd0
0x00000000312ff6a0:   00000007c0006bd0 00000000559b0a43 

Instructions: (pc=0x0000000055a04757)
0x0000000055a04737:   48 89 6c 24 30 33 ed 66 90 e8 9b 4e 08 00 ff c3
0x0000000055a04747:   48 63 c8 48 8b c6 48 0f af cf 48 ff c7 48 2b c1
0x0000000055a04757:   89 28 48 63 c3 48 3b 05 f5 80 59 00 7e db 48 8b
0x0000000055a04767:   6c 24 30 48 8b 5c 24 38 48 8b 74 24 40 48 83 c4 


Register to memory mapping:

RAX=0x00000000312fc5b0 is pointing into the stack for thread: 0x000000002dad9000
RBX=0x0000000000000004 is an unknown value
RCX=0x0000000000003000 is an unknown value
RDX=0x0000000000000006 is an unknown value
RSP=0x00000000312ff5b0 is pointing into the stack for thread: 0x000000002dad9000
RBP=0x0000000000000000 is an unknown value
RSI=0x00000000312ff5b0 is pointing into the stack for thread: 0x000000002dad9000
RDI=0x0000000000000004 is an unknown value
R8 =0x0000000000000006 is an unknown value
R9 =0x000000002b04ac10 is an unknown value
R10={method} {0x0000000025bcece0} 'run' '()V' in 'java/lang/Thread'
R11=0x000000003120a148 is pointing into the stack for thread: 0x000000002dad9000
R12=0x000000002b04ac10 is an unknown value
R13=0x000000002dad9000 is a thread
R14=0x00000000312ff678 is pointing into the stack for thread: 0x000000002dad9000
R15={method} {0x0000000025bcece0} 'run' '()V' in 'java/lang/Thread'


Stack: [0x0000000031200000,0x0000000031300000],  sp=0x00000000312ff5b0,  free space=1021k
Native frames: (J=compiled Java code, j=interpreted, Vv=VM code, C=native code)


---------------  P R O C E S S  ---------------

Java Threads: ( => current thread )
=>0x000000002dad9000 JavaThread "JMX server connection timeout 53" daemon [_thread_in_vm, id=19808, stack(0x0000000031200000,0x0000000031300000)]
  0x000000002cf09000 JavaThread "pool-3-thread-1" [_thread_in_native, id=67440, stack(0x0000000031100000,0x0000000031200000)]
  0x000000002cf08000 JavaThread "AsyncReporter{org.springframework.cloud.sleuth.zipkin2.sender.RestTemplateSender@3fc14dc0}" daemon [_thread_blocked, id=58888, stack(0x0000000031000000,0x0000000031100000)]
  0x000000002cf07800 JavaThread "lettuce-eventExecutorLoop-1-1" daemon [_thread_blocked, id=49768, stack(0x0000000030f00000,0x0000000031000000)]
  0x000000002cf0a800 JavaThread "ForkJoinPool.commonPool-worker-3" daemon [_thread_blocked, id=64592, stack(0x0000000030c00000,0x0000000030d00000)]
  0x000000002cf09800 JavaThread "ForkJoinPool.commonPool-worker-1" daemon [_thread_blocked, id=68576, stack(0x0000000030b00000,0x0000000030c00000)]
  0x000000002cf06800 JavaThread "ForkJoinPool.commonPool-worker-10" daemon [_thread_blocked, id=63776, stack(0x0000000030a00000,0x0000000030b00000)]
  0x000000002cf0d800 JavaThread "ForkJoinPool.commonPool-worker-8" daemon [_thread_blocked, id=55816, stack(0x0000000030900000,0x0000000030a00000)]
  0x000000002cf0c800 JavaThread "ForkJoinPool.commonPool-worker-15" daemon [_thread_blocked, id=61984, stack(0x0000000030800000,0x0000000030900000)]
  0x000000002cf0b000 JavaThread "ForkJoinPool.commonPool-worker-6" daemon [_thread_blocked, id=57244, stack(0x0000000030700000,0x0000000030800000)]
  0x000000002cf0c000 JavaThread "ForkJoinPool.commonPool-worker-13" daemon [_thread_blocked, id=56680, stack(0x0000000030600000,0x0000000030700000)]
  0x000000002ef97000 JavaThread "ForkJoinPool.commonPool-worker-4" daemon [_thread_blocked, id=67100, stack(0x0000000030500000,0x0000000030600000)]
  0x000000002ef96800 JavaThread "ForkJoinPool.commonPool-worker-11" daemon [_thread_blocked, id=69044, stack(0x0000000030400000,0x0000000030500000)]
  0x0000000027e37800 JavaThread "ForkJoinPool.commonPool-worker-2" daemon [_thread_blocked, id=62764, stack(0x0000000030300000,0x0000000030400000)]
  0x000000002ef41800 JavaThread "ForkJoinPool.commonPool-worker-9" daemon [_thread_blocked, id=68704, stack(0x000000002c560000,0x000000002c660000)]
  0x000000002b04b800 JavaThread "com.alibaba.nacos.client.Worker.fixed-localhost_8858-dev" daemon [_thread_blocked, id=58572, stack(0x000000002cc60000,0x000000002cd60000)]
  0x000000002b07e800 JavaThread "com.alibaba.nacos.client.config.security.updater" daemon [_thread_blocked, id=38684, stack(0x000000002cb60000,0x000000002cc60000)]
  0x000000002b042000 JavaThread "Keep-Alive-Timer" daemon [_thread_blocked, id=66096, stack(0x000000002ca60000,0x000000002cb60000)]
  0x000000002b025000 JavaThread "com.alibaba.nacos.client.identify.watcher.0" daemon [_thread_blocked, id=64536, stack(0x000000002c660000,0x000000002c760000)]
  0x000000002aeac800 JavaThread "RMI Scheduler(0)" daemon [_thread_blocked, id=49944, stack(0x000000002c260000,0x000000002c360000)]
  0x000000002aee5000 JavaThread "RMI TCP Connection(1)-192.168.0.28" daemon [_thread_in_native, id=32856, stack(0x000000002b660000,0x000000002b760000)]
  0x000000002a772000 JavaThread "RMI TCP Accept-0" daemon [_thread_in_native, id=64160, stack(0x000000002b1b0000,0x000000002b2b0000)]
  0x0000000027d2f800 JavaThread "Service Thread" daemon [_thread_blocked, id=10220, stack(0x00000000298e0000,0x00000000299e0000)]
  0x0000000027d24800 JavaThread "C1 CompilerThread3" daemon [_thread_blocked, id=10476, stack(0x00000000297e0000,0x00000000298e0000)]
  0x0000000027d22000 JavaThread "C2 CompilerThread2" daemon [_thread_blocked, id=8604, stack(0x00000000296e0000,0x00000000297e0000)]
  0x0000000027d1f000 JavaThread "C2 CompilerThread1" daemon [_thread_blocked, id=65896, stack(0x00000000295e0000,0x00000000296e0000)]
  0x0000000027d12000 JavaThread "C2 CompilerThread0" daemon [_thread_blocked, id=44268, stack(0x00000000294e0000,0x00000000295e0000)]
  0x0000000027d03800 JavaThread "JDWP Command Reader" daemon [_thread_in_native, id=60196, stack(0x00000000293e0000,0x00000000294e0000)]
  0x0000000027cfc800 JavaThread "JDWP Event Helper Thread" daemon [_thread_blocked, id=43884, stack(0x00000000292e0000,0x00000000293e0000)]
  0x0000000027cec000 JavaThread "JDWP Transport Listener: dt_socket" daemon [_thread_blocked, id=51356, stack(0x00000000291e0000,0x00000000292e0000)]
  0x0000000027ce9000 JavaThread "Attach Listener" daemon [_thread_blocked, id=53092, stack(0x00000000290e0000,0x00000000291e0000)]
  0x0000000027c96800 JavaThread "Signal Dispatcher" daemon [_thread_blocked, id=60808, stack(0x0000000028fe0000,0x00000000290e0000)]
  0x0000000026597800 JavaThread "Finalizer" daemon [_thread_blocked, id=18048, stack(0x0000000028ee0000,0x0000000028fe0000)]
  0x000000000356a000 JavaThread "Reference Handler" daemon [_thread_blocked, id=37748, stack(0x0000000028de0000,0x0000000028ee0000)]
  0x0000000003472800 JavaThread "main" [_thread_blocked, id=70248, stack(0x0000000003140000,0x0000000003240000)]

Other Threads:
  0x0000000027c52800 VMThread [stack: 0x0000000028ce0000,0x0000000028de0000] [id=39016]
  0x000000002a785800 WatcherThread [stack: 0x000000002b2b0000,0x000000002b3b0000] [id=63100]

VM state:not at safepoint (normal execution)

VM Mutex/Monitor currently owned by a thread: None

Heap:
 PSYoungGen      total 282112K, used 97521K [0x0000000717000000, 0x0000000729b00000, 0x00000007c0000000)
  eden space 265728K, 30% used [0x0000000717000000,0x000000071bf3e3c8,0x0000000727380000)
  from space 16384K, 99% used [0x0000000727380000,0x000000072837e180,0x0000000728380000)
  to   space 15872K, 0% used [0x0000000728380000,0x0000000728380000,0x0000000729300000)
 ParOldGen       total 322048K, used 20972K [0x00000005c5000000, 0x00000005d8a80000, 0x0000000717000000)
  object space 322048K, 6% used [0x00000005c5000000,0x00000005c647b330,0x00000005d8a80000)
 Metaspace       used 52801K, capacity 55380K, committed 55424K, reserved 1097728K
  class space    used 7033K, capacity 7510K, committed 7552K, reserved 1048576K

Card table byte_map: [0x0000000012930000,0x0000000013910000] byte_map_base: 0x000000000fb08000

Marking Bits: (ParMarkBitMap*) 0x0000000056012d00
 Begin Bits: [0x0000000014da0000, 0x000000001cc60000)
 End Bits:   [0x000000001cc60000, 0x0000000024b20000)

Polling page: 0x0000000001500000

CodeCache: size=245760Kb used=11785Kb max_used=11893Kb free=233974Kb
 bounds [0x0000000003570000, 0x0000000004110000, 0x0000000012570000]
 total_blobs=6407 nmethods=5868 adapters=456
 compilation: enabled

Compilation events (10 events):
Event: 6.544 Thread 0x0000000027d24800 nmethod 5955 0x00000000038fd2d0 code [0x00000000038fd420, 0x00000000038fd568]
Event: 6.544 Thread 0x0000000027d24800 5956       1       java.io.ObjectOutputStream$BlockDataOutputStream::writeLong (48 bytes)
Event: 6.545 Thread 0x0000000027d24800 nmethod 5956 0x00000000038fced0 code [0x00000000038fd040, 0x00000000038fd1f8]
Event: 6.545 Thread 0x0000000027d24800 5957       1       java.io.ObjectStreamClass$FieldReflectorKey::hashCode (5 bytes)
Event: 6.545 Thread 0x0000000027d24800 nmethod 5957 0x00000000038fcc10 code [0x00000000038fcd60, 0x00000000038fce70]
Event: 6.545 Thread 0x0000000027d24800 5958       1       java.io.ObjectStreamField::getSignature (5 bytes)
Event: 6.545 Thread 0x0000000027d24800 nmethod 5958 0x00000000039ada10 code [0x00000000039adb60, 0x00000000039adc70]
Event: 6.545 Thread 0x0000000027d24800 5959       1       java.io.ObjectInputStream::readLong (8 bytes)
Event: 6.545 Thread 0x0000000027d24800 nmethod 5959 0x00000000039ad6d0 code [0x00000000039ad820, 0x00000000039ad968]
Event: 6.545 Thread 0x0000000027d24800 5960       1       java.io.ObjectInputStream$BlockDataInputStream::readLong (76 bytes)

GC Heap History (10 events):
Event: 3.608 GC heap before
{Heap before GC invocations=7 (full 1):
 PSYoungGen      total 204288K, used 94729K [0x0000000717000000, 0x0000000729300000, 0x00000007c0000000)
  eden space 182784K, 43% used [0x0000000717000000,0x000000071bdfbce8,0x0000000722280000)
  from space 21504K, 69% used [0x0000000722280000,0x0000000723106af8,0x0000000723780000)
  to   space 15872K, 0% used [0x0000000728380000,0x0000000728380000,0x0000000729300000)
 ParOldGen       total 211456K, used 10368K [0x00000005c5000000, 0x00000005d1e80000, 0x0000000717000000)
  object space 211456K, 4% used [0x00000005c5000000,0x00000005c5a200c0,0x00000005d1e80000)
 Metaspace       used 34103K, capacity 35408K, committed 35496K, reserved 1079296K
  class space    used 4550K, capacity 4838K, committed 4864K, reserved 1048576K
Event: 3.614 GC heap after
Heap after GC invocations=7 (full 1):
 PSYoungGen      total 281600K, used 12863K [0x0000000717000000, 0x0000000729b00000, 0x00000007c0000000)
  eden space 265728K, 0% used [0x0000000717000000,0x0000000717000000,0x0000000727380000)
  from space 15872K, 81% used [0x0000000728380000,0x000000072900fea8,0x0000000729300000)
  to   space 16384K, 0% used [0x0000000727380000,0x0000000727380000,0x0000000728380000)
 ParOldGen       total 211456K, used 10376K [0x00000005c5000000, 0x00000005d1e80000, 0x0000000717000000)
  object space 211456K, 4% used [0x00000005c5000000,0x00000005c5a220c0,0x00000005d1e80000)
 Metaspace       used 34103K, capacity 35408K, committed 35496K, reserved 1079296K
  class space    used 4550K, capacity 4838K, committed 4864K, reserved 1048576K
}
Event: 3.614 GC heap before
{Heap before GC invocations=8 (full 2):
 PSYoungGen      total 281600K, used 12863K [0x0000000717000000, 0x0000000729b00000, 0x00000007c0000000)
  eden space 265728K, 0% used [0x0000000717000000,0x0000000717000000,0x0000000727380000)
  from space 15872K, 81% used [0x0000000728380000,0x000000072900fea8,0x0000000729300000)
  to   space 16384K, 0% used [0x0000000727380000,0x0000000727380000,0x0000000728380000)
 ParOldGen       total 211456K, used 10376K [0x00000005c5000000, 0x00000005d1e80000, 0x0000000717000000)
  object space 211456K, 4% used [0x00000005c5000000,0x00000005c5a220c0,0x00000005d1e80000)
 Metaspace       used 34103K, capacity 35408K, committed 35496K, reserved 1079296K
  class space    used 4550K, capacity 4838K, committed 4864K, reserved 1048576K
Event: 3.644 GC heap after
Heap after GC invocations=8 (full 2):
 PSYoungGen      total 281600K, used 0K [0x0000000717000000, 0x0000000729b00000, 0x00000007c0000000)
  eden space 265728K, 0% used [0x0000000717000000,0x0000000717000000,0x0000000727380000)
  from space 15872K, 0% used [0x0000000728380000,0x0000000728380000,0x0000000729300000)
  to   space 16384K, 0% used [0x0000000727380000,0x0000000727380000,0x0000000728380000)
 ParOldGen       total 322048K, used 18568K [0x00000005c5000000, 0x00000005d8a80000, 0x0000000717000000)
  object space 322048K, 5% used [0x00000005c5000000,0x00000005c62220d0,0x00000005d8a80000)
 Metaspace       used 34103K, capacity 35408K, committed 35496K, reserved 1079296K
  class space    used 4550K, capacity 4838K, committed 4864K, reserved 1048576K
}
Event: 4.722 GC heap before
{Heap before GC invocations=9 (full 2):
 PSYoungGen      total 281600K, used 265728K [0x0000000717000000, 0x0000000729b00000, 0x00000007c0000000)
  eden space 265728K, 100% used [0x0000000717000000,0x0000000727380000,0x0000000727380000)
  from space 15872K, 0% used [0x0000000728380000,0x0000000728380000,0x0000000729300000)
  to   space 16384K, 0% used [0x0000000727380000,0x0000000727380000,0x0000000728380000)
 ParOldGen       total 322048K, used 18568K [0x00000005c5000000, 0x00000005d8a80000, 0x0000000717000000)
  object space 322048K, 5% used [0x00000005c5000000,0x00000005c62220d0,0x00000005d8a80000)
 Metaspace       used 42325K, capacity 44336K, committed 44544K, reserved 1087488K
  class space    used 5664K, capacity 6044K, committed 6144K, reserved 1048576K
Event: 4.730 GC heap after
Heap after GC invocations=9 (full 2):
 PSYoungGen      total 282112K, used 14209K [0x0000000717000000, 0x0000000729b00000, 0x00000007c0000000)
  eden space 265728K, 0% used [0x0000000717000000,0x0000000717000000,0x0000000727380000)
  from space 16384K, 86% used [0x0000000727380000,0x00000007281604f0,0x0000000728380000)
  to   space 15872K, 0% used [0x0000000728380000,0x0000000728380000,0x0000000729300000)
 ParOldGen       total 322048K, used 18576K [0x00000005c5000000, 0x00000005d8a80000, 0x0000000717000000)
  object space 322048K, 5% used [0x00000005c5000000,0x00000005c62240d0,0x00000005d8a80000)
 Metaspace       used 42325K, capacity 44336K, committed 44544K, reserved 1087488K
  class space    used 5664K, capacity 6044K, committed 6144K, reserved 1048576K
}
Event: 5.549 GC heap before
{Heap before GC invocations=10 (full 2):
 PSYoungGen      total 282112K, used 279937K [0x0000000717000000, 0x0000000729b00000, 0x00000007c0000000)
  eden space 265728K, 100% used [0x0000000717000000,0x0000000727380000,0x0000000727380000)
  from space 16384K, 86% used [0x0000000727380000,0x00000007281604f0,0x0000000728380000)
  to   space 15872K, 0% used [0x0000000728380000,0x0000000728380000,0x0000000729300000)
 ParOldGen       total 322048K, used 18576K [0x00000005c5000000, 0x00000005d8a80000, 0x0000000717000000)
  object space 322048K, 5% used [0x00000005c5000000,0x00000005c62240d0,0x00000005d8a80000)
 Metaspace       used 49178K, capacity 51472K, committed 51840K, reserved 1093632K
  class space    used 6518K, capacity 6950K, committed 7040K, reserved 1048576K
Event: 5.558 GC heap after
Heap after GC invocations=10 (full 2):
 PSYoungGen      total 281600K, used 15841K [0x0000000717000000, 0x0000000729b00000, 0x00000007c0000000)
  eden space 265728K, 0% used [0x0000000717000000,0x0000000717000000,0x0000000727380000)
  from space 15872K, 99% used [0x0000000728380000,0x00000007292f8550,0x0000000729300000)
  to   space 16384K, 0% used [0x0000000727380000,0x0000000727380000,0x0000000728380000)
 ParOldGen       total 322048K, used 20298K [0x00000005c5000000, 0x00000005d8a80000, 0x0000000717000000)
  object space 322048K, 6% used [0x00000005c5000000,0x00000005c63d2bb8,0x00000005d8a80000)
 Metaspace       used 49178K, capacity 51472K, committed 51840K, reserved 1093632K
  class space    used 6518K, capacity 6950K, committed 7040K, reserved 1048576K
}
Event: 6.054 GC heap before
{Heap before GC invocations=11 (full 2):
 PSYoungGen      total 281600K, used 281569K [0x0000000717000000, 0x0000000729b00000, 0x00000007c0000000)
  eden space 265728K, 100% used [0x0000000717000000,0x0000000727380000,0x0000000727380000)
  from space 15872K, 99% used [0x0000000728380000,0x00000007292f8550,0x0000000729300000)
  to   space 16384K, 0% used [0x0000000727380000,0x0000000727380000,0x0000000728380000)
 ParOldGen       total 322048K, used 20298K [0x00000005c5000000, 0x00000005d8a80000, 0x0000000717000000)
  object space 322048K, 6% used [0x00000005c5000000,0x00000005c63d2bb8,0x00000005d8a80000)
 Metaspace       used 51008K, capacity 53512K, committed 53632K, reserved 1095680K
  class space    used 6778K, capacity 7262K, committed 7296K, reserved 1048576K
Event: 6.060 GC heap after
Heap after GC invocations=11 (full 2):
 PSYoungGen      total 282112K, used 16376K [0x0000000717000000, 0x0000000729b00000, 0x00000007c0000000)
  eden space 265728K, 0% used [0x0000000717000000,0x0000000717000000,0x0000000727380000)
  from space 16384K, 99% used [0x0000000727380000,0x000000072837e180,0x0000000728380000)
  to   space 15872K, 0% used [0x0000000728380000,0x0000000728380000,0x0000000729300000)
 ParOldGen       total 322048K, used 20972K [0x00000005c5000000, 0x00000005d8a80000, 0x0000000717000000)
  object space 322048K, 6% used [0x00000005c5000000,0x00000005c647b330,0x00000005d8a80000)
 Metaspace       used 51008K, capacity 53512K, committed 53632K, reserved 1095680K
  class space    used 6778K, capacity 7262K, committed 7296K, reserved 1048576K
}

Deoptimization events (0 events):
No events

Classes redefined (0 events):
No events

Internal exceptions (10 events):
Event: 6.275 Thread 0x0000000003472800 Exception <a 'java/lang/ArrayIndexOutOfBoundsException'> (0x000000071a344690) thrown at [C:\re\workspace\8-2-build-windows-amd64-cygwin\jdk8u181\11358\hotspot\src\share\vm\runtime\sharedRuntime.cpp, line 605]
Event: 6.275 Thread 0x0000000003472800 Exception <a 'java/lang/ArrayIndexOutOfBoundsException'> (0x000000071a346150) thrown at [C:\re\workspace\8-2-build-windows-amd64-cygwin\jdk8u181\11358\hotspot\src\share\vm\runtime\sharedRuntime.cpp, line 605]
Event: 6.276 Thread 0x0000000003472800 Exception <a 'java/lang/ClassNotFoundException': org/springframework/beans/factory/BeanFactoryAwareCustomizer> (0x000000071a39ddc0) thrown at [C:\re\workspace\8-2-build-windows-amd64-cygwin\jdk8u181\11358\hotspot\src\share\vm\classfile\systemDictionary.cp
Event: 6.276 Thread 0x0000000003472800 Exception <a 'java/lang/ClassNotFoundException': org/springframework/beans/factory/AwareCustomizer> (0x000000071a3e8bf0) thrown at [C:\re\workspace\8-2-build-windows-amd64-cygwin\jdk8u181\11358\hotspot\src\share\vm\classfile\systemDictionary.cpp, line 210
Event: 6.277 Thread 0x0000000003472800 Exception <a 'java/lang/ClassNotFoundException': org/springframework/aop/framework/AopInfrastructureBeanCustomizer> (0x000000071a441ed8) thrown at [C:\re\workspace\8-2-build-windows-amd64-cygwin\jdk8u181\11358\hotspot\src\share\vm\classfile\systemDictiona
Event: 6.290 Thread 0x0000000003472800 Exception <a 'java/lang/ArrayIndexOutOfBoundsException'> (0x000000071a61bf48) thrown at [C:\re\workspace\8-2-build-windows-amd64-cygwin\jdk8u181\11358\hotspot\src\share\vm\runtime\sharedRuntime.cpp, line 605]
Event: 6.310 Thread 0x0000000003472800 Exception <a 'java/lang/ArrayIndexOutOfBoundsException'> (0x000000071aa54a18) thrown at [C:\re\workspace\8-2-build-windows-amd64-cygwin\jdk8u181\11358\hotspot\src\share\vm\runtime\sharedRuntime.cpp, line 605]
Event: 6.322 Thread 0x0000000003472800 Exception <a 'java/lang/ArrayIndexOutOfBoundsException'> (0x000000071ac9b560) thrown at [C:\re\workspace\8-2-build-windows-amd64-cygwin\jdk8u181\11358\hotspot\src\share\vm\runtime\sharedRuntime.cpp, line 605]
Event: 6.348 Thread 0x0000000003472800 Exception <a 'java/lang/ArrayIndexOutOfBoundsException'> (0x000000071b6238d8) thrown at [C:\re\workspace\8-2-build-windows-amd64-cygwin\jdk8u181\11358\hotspot\src\share\vm\runtime\sharedRuntime.cpp, line 605]
Event: 6.348 Thread 0x0000000003472800 Exception <a 'java/lang/ArrayIndexOutOfBoundsException'> (0x000000071b6270a8) thrown at [C:\re\workspace\8-2-build-windows-amd64-cygwin\jdk8u181\11358\hotspot\src\share\vm\runtime\sharedRuntime.cpp, line 605]

Events (10 events):
Event: 6.368 loading class org/springframework/http/StreamingHttpOutputMessage done
Event: 6.368 Thread 0x000000002cf09000 DEOPT PACKING pc=0x00000000037c0c91 sp=0x00000000311fda60
Event: 6.368 Thread 0x000000002cf09000 DEOPT UNPACKING pc=0x00000000035b7890 sp=0x00000000311fd7b0 mode 1
Event: 6.368 Thread 0x000000002cf09000 DEOPT PACKING pc=0x00000000039b2544 sp=0x00000000311fdae0
Event: 6.368 Thread 0x000000002cf09000 DEOPT UNPACKING pc=0x00000000035b7890 sp=0x00000000311fd900 mode 1
Event: 6.368 Thread 0x000000002cf09000 DEOPT PACKING pc=0x00000000039b248c sp=0x00000000311fdc70
Event: 6.368 Thread 0x000000002cf09000 DEOPT UNPACKING pc=0x00000000035b7890 sp=0x00000000311fda90 mode 1
Event: 6.369 Executing VM operation: RevokeBias
Event: 6.369 Executing VM operation: RevokeBias done
Event: 6.544 Thread 0x000000002dad9000 Thread added: 0x000000002dad9000


Dynamic libraries:
0x00007ff76a1a0000 - 0x00007ff76a1d7000 	D:\software\java_8\bin\java.exe
0x00007ff80ea30000 - 0x00007ff80ec47000 	C:\Windows\SYSTEM32\ntdll.dll
0x00007ff80d330000 - 0x00007ff80d3f4000 	C:\Windows\System32\KERNEL32.DLL
0x00007ff80bda0000 - 0x00007ff80c146000 	C:\Windows\System32\KERNELBASE.dll
0x00007ff80e810000 - 0x00007ff80e8c1000 	C:\Windows\System32\ADVAPI32.dll
0x00007ff80d5c0000 - 0x00007ff80d667000 	C:\Windows\System32\msvcrt.dll
0x00007ff80e940000 - 0x00007ff80e9e5000 	C:\Windows\System32\sechost.dll
0x00007ff80e550000 - 0x00007ff80e667000 	C:\Windows\System32\RPCRT4.dll
0x00007ff80da90000 - 0x00007ff80dc3e000 	C:\Windows\System32\USER32.dll
0x00007ff80c4f0000 - 0x00007ff80c516000 	C:\Windows\System32\win32u.dll
0x00007ff80c940000 - 0x00007ff80c969000 	C:\Windows\System32\GDI32.dll
0x00007ff80c660000 - 0x00007ff80c778000 	C:\Windows\System32\gdi32full.dll
0x00007ff80c2e0000 - 0x00007ff80c37a000 	C:\Windows\System32\msvcp_win.dll
0x00007ff80c150000 - 0x00007ff80c261000 	C:\Windows\System32\ucrtbase.dll
0x00007ffff8f60000 - 0x00007ffff91f3000 	C:\Windows\WinSxS\amd64_microsoft.windows.common-controls_6595b64144ccf1df_6.0.22621.2506_none_270c5ae97388e100\COMCTL32.dll
0x00007ff80dd90000 - 0x00007ff80ddc1000 	C:\Windows\System32\IMM32.DLL
0x00000000560a0000 - 0x0000000056172000 	D:\software\java_8\jre\bin\msvcr100.dll
0x00000000557f0000 - 0x0000000056092000 	D:\software\java_8\jre\bin\server\jvm.dll
0x00007ff80dd80000 - 0x00007ff80dd88000 	C:\Windows\System32\PSAPI.DLL
0x00007ff803bb0000 - 0x00007ff803bba000 	C:\Windows\SYSTEM32\VERSION.dll
0x00007ff808960000 - 0x00007ff808969000 	C:\Windows\SYSTEM32\WSOCK32.dll
0x00007ffff9440000 - 0x00007ffff9474000 	C:\Windows\SYSTEM32\WINMM.dll
0x00007ff80de60000 - 0x00007ff80ded1000 	C:\Windows\System32\WS2_32.dll
0x00000000557e0000 - 0x00000000557ef000 	D:\software\java_8\jre\bin\verify.dll
0x00000000557b0000 - 0x00000000557d9000 	D:\software\java_8\jre\bin\java.dll
0x0000000055620000 - 0x0000000055655000 	D:\software\java_8\jre\bin\jdwp.dll
0x0000000055730000 - 0x0000000055738000 	D:\software\java_8\jre\bin\npt.dll
0x00000000555f0000 - 0x0000000055613000 	D:\software\java_8\jre\bin\instrument.dll
0x0000000055790000 - 0x00000000557a6000 	D:\software\java_8\jre\bin\zip.dll
0x00007ff80c970000 - 0x00007ff80d1ca000 	C:\Windows\System32\SHELL32.dll
0x00007ff809cd0000 - 0x00007ff80a5c6000 	C:\Windows\SYSTEM32\windows.storage.dll
0x00007ff80d670000 - 0x00007ff80d9f9000 	C:\Windows\System32\combase.dll
0x00007ff809b90000 - 0x00007ff809cce000 	C:\Windows\SYSTEM32\wintypes.dll
0x00007ff80e450000 - 0x00007ff80e543000 	C:\Windows\System32\SHCORE.dll
0x00007ff80d1d0000 - 0x00007ff80d22e000 	C:\Windows\System32\shlwapi.dll
0x00007ff80bcd0000 - 0x00007ff80bcf6000 	C:\Windows\SYSTEM32\profapi.dll
0x0000000055720000 - 0x0000000055729000 	D:\software\java_8\jre\bin\dt_socket.dll
0x00007ff80b310000 - 0x00007ff80b379000 	C:\Windows\system32\mswsock.dll
0x0000000055770000 - 0x000000005578a000 	D:\software\java_8\jre\bin\net.dll
0x00007ff80a8d0000 - 0x00007ff80a9c9000 	C:\Windows\SYSTEM32\DNSAPI.dll
0x00007ff80a8a0000 - 0x00007ff80a8cd000 	C:\Windows\SYSTEM32\IPHLPAPI.DLL
0x00007ff80dd70000 - 0x00007ff80dd79000 	C:\Windows\System32\NSI.dll
0x00007ff801730000 - 0x00007ff80173a000 	C:\Windows\System32\rasadhlp.dll
0x00007ff804eb0000 - 0x00007ff804f33000 	C:\Windows\System32\fwpuclnt.dll
0x0000000055740000 - 0x000000005574d000 	D:\software\java_8\jre\bin\management.dll
0x0000000055750000 - 0x0000000055761000 	D:\software\java_8\jre\bin\nio.dll
0x00007ff80b570000 - 0x00007ff80b58b000 	C:\Windows\SYSTEM32\CRYPTSP.dll
0x00007ff80adf0000 - 0x00007ff80ae25000 	C:\Windows\system32\rsaenh.dll
0x00007ff80b400000 - 0x00007ff80b42c000 	C:\Windows\SYSTEM32\USERENV.dll
0x00007ff80b750000 - 0x00007ff80b778000 	C:\Windows\SYSTEM32\bcrypt.dll
0x00007ff80c520000 - 0x00007ff80c59a000 	C:\Windows\System32\bcryptprimitives.dll
0x00007ff80b560000 - 0x00007ff80b56c000 	C:\Windows\SYSTEM32\CRYPTBASE.dll
0x00007ff8057f0000 - 0x00007ff805809000 	C:\Windows\SYSTEM32\dhcpcsvc6.DLL
0x00007ff805bf0000 - 0x00007ff805c0f000 	C:\Windows\SYSTEM32\dhcpcsvc.DLL
0x00007ffff3860000 - 0x00007ffff3877000 	C:\Windows\system32\napinsp.dll
0x00007ffff2250000 - 0x00007ffff226b000 	C:\Windows\system32\pnrpnsp.dll
0x00007ffff2230000 - 0x00007ffff2241000 	C:\Windows\System32\winrnr.dll
0x00007ff805060000 - 0x00007ff805075000 	C:\Windows\system32\wshbth.dll
0x00007ffff2200000 - 0x00007ffff2221000 	C:\Windows\system32\nlansp_c.dll

VM Arguments:
jvm_args: -agentlib:jdwp=transport=dt_socket,address=127.0.0.1:62561,suspend=y,server=n -XX:TieredStopAtLevel=1 -Xverify:none -Dspring.output.ansi.enabled=always -Dcom.sun.management.jmxremote -Dspring.jmx.enabled=true -Dspring.liveBeansView.mbeanDomain -Dspring.application.admin.enabled=true -javaagent:C:\Users\CI\AppData\Local\JetBrains\IntelliJIdea2022.1\captureAgent\debugger-agent.jar -Dfile.encoding=UTF-8 
java_command: com.fd.luckyblog.admin.AdminApplication
java_class_path (initial): C:\Users\CI\AppData\Local\Temp\classpath202781792.jar;C:\Users\CI\AppData\Local\JetBrains\IntelliJIdea2022.1\captureAgent\debugger-agent.jar
Launcher Type: SUN_STANDARD

Environment Variables:
JAVA_HOME=D:\software\java_8
PATH=D:\software\gnuplot\bin;D:\software\python2\;C:\Windows\system32;C:\Windows;C:\Windows\System32\Wbem;C:\Windows\System32\WindowsPowerShell\v1.0\;C:\Windows\System32\OpenSSH\;D:\software\java_8\bin;D:\software\shell\;D:\software\node\;D:\software\Git\bin;D:\software\apache-maven-3.6.3\bin\;D:\software\node\node_global\node_modules;D:\software\python2\;D:\software\Git\usr\bin;D:\software\Git\mingw64\libexec\git-core;C:\Users\CI\AppData\Local\Microsoft\WindowsApps;D:\software\node\node_global;D:\software\java_8\bin\;
USERNAME=CI
OS=Windows_NT
PROCESSOR_IDENTIFIER=Intel64 Family 6 Model 151 Stepping 5, GenuineIntel



---------------  S Y S T E M  ---------------

OS: Windows 10.0 , 64 bit Build 22621 (10.0.22621.2506)

CPU:total 12 (initial active 12) (6 cores per cpu, 2 threads per core) family 6 model 151 stepping 5, cmov, cx8, fxsr, mmx, sse, sse2, sse3, ssse3, sse4.1, sse4.2, popcnt, avx, avx2, aes, clmul, erms, 3dnowpref, lzcnt, ht, tsc, tscinvbit, bmi1, bmi2, adx

Memory: 4k page, physical 33222308k(3533484k free), swap 52788768k(932k free)

vm_info: Java HotSpot(TM) 64-Bit Server VM (25.181-b13) for windows-amd64 JRE (1.8.0_181-b13), built on Jul  7 2018 04:01:33 by "java_re" with MS VC++ 10.0 (VS2010)

time: Wed Jan 10 14:20:03 2024
elapsed time: 6 seconds (0d 0h 0m 6s)

